2021-11-29 15:36:04,716 - Log4JLogChute initialized using file 'target\velocity.log'
2021-11-29 15:36:04,717 - Initializing Velocity, Calling init()...
2021-11-29 15:36:04,717 - Starting Apache Velocity v1.7 (compiled: 2010-11-19 12:14:37)
2021-11-29 15:36:04,717 - Default Properties File: org\apache\velocity\runtime\defaults\velocity.properties
2021-11-29 15:36:04,717 - Trying to use logger class org.apache.velocity.runtime.log.AvalonLogChute
2021-11-29 15:36:04,717 - Target log system for org.apache.velocity.runtime.log.AvalonLogChute is not available (java.lang.NoClassDefFoundError: org/apache/log/format/Formatter).  Falling back to next log system...
2021-11-29 15:36:04,717 - Trying to use logger class org.apache.velocity.runtime.log.Log4JLogChute
2021-11-29 15:36:04,719 - Using logger class org.apache.velocity.runtime.log.Log4JLogChute
2021-11-29 15:36:04,721 - ResourceLoader instantiated: org.apache.velocity.runtime.resource.loader.ClasspathResourceLoader
2021-11-29 15:36:04,728 - ResourceCache: initialized (class org.apache.velocity.runtime.resource.ResourceCacheImpl) with class java.util.Collections$SynchronizedMap cache map.
2021-11-29 15:36:04,729 - Loaded System Directive: org.apache.velocity.runtime.directive.Stop
2021-11-29 15:36:04,730 - Loaded System Directive: org.apache.velocity.runtime.directive.Define
2021-11-29 15:36:04,730 - Loaded System Directive: org.apache.velocity.runtime.directive.Break
2021-11-29 15:36:04,731 - Loaded System Directive: org.apache.velocity.runtime.directive.Evaluate
2021-11-29 15:36:04,731 - Loaded System Directive: org.apache.velocity.runtime.directive.Literal
2021-11-29 15:36:04,732 - Loaded System Directive: org.apache.velocity.runtime.directive.Macro
2021-11-29 15:36:04,732 - Loaded System Directive: org.apache.velocity.runtime.directive.Parse
2021-11-29 15:36:04,733 - Loaded System Directive: org.apache.velocity.runtime.directive.Include
2021-11-29 15:36:04,734 - Loaded System Directive: org.apache.velocity.runtime.directive.Foreach
2021-11-29 15:36:04,753 - Created '20' parsers.
2021-11-29 15:36:04,756 - Velocimacro : "velocimacro.library" is not set.  Trying default library: VM_global_library.vm
2021-11-29 15:36:04,757 - Could not load resource 'VM_global_library.vm' from ResourceLoader org.apache.velocity.runtime.resource.loader.ClasspathResourceLoader: ClasspathResourceLoader Error: cannot find resource VM_global_library.vm
2021-11-29 15:36:04,757 - Velocimacro : Default library not found.
2021-11-29 15:36:04,757 - Velocimacro : allowInline = true : VMs can be defined inline in templates
2021-11-29 15:36:04,757 - Velocimacro : allowInlineToOverride = false : VMs defined inline may NOT replace previous VM definitions
2021-11-29 15:36:04,757 - Velocimacro : allowInlineLocal = false : VMs defined inline will be global in scope if allowed.
2021-11-29 15:36:04,757 - Velocimacro : autoload off : VM system will not automatically reload global library macros
2021-11-29 15:36:04,821 - ResourceManager : found templates/generators/errorpage.vm with loader org.apache.velocity.runtime.resource.loader.ClasspathResourceLoader
2021-11-29 15:36:04,825 - ResourceManager : found /templates/headers.vm with loader org.apache.velocity.runtime.resource.loader.ClasspathResourceLoader
2021-11-29 15:36:04,825 - ResourceManager : found /templates/head.vm with loader org.apache.velocity.runtime.resource.loader.ClasspathResourceLoader
2021-11-29 15:36:04,828 - Velocimacro : added VM stringArray: source=/templates/macros/array.js.vm
2021-11-29 15:36:04,828 - Velocimacro : added VM numberArray: source=/templates/macros/array.js.vm
2021-11-29 15:36:04,828 - ResourceManager : found /templates/macros/array.js.vm with loader org.apache.velocity.runtime.resource.loader.ClasspathResourceLoader
2021-11-29 15:36:04,829 - Velocimacro : added VM includeBuildInfo: source=/templates/macros/page/buildinfo.vm
2021-11-29 15:36:04,830 - ResourceManager : found /templates/macros/page/buildinfo.vm with loader org.apache.velocity.runtime.resource.loader.ClasspathResourceLoader
2021-11-29 15:36:04,832 - Velocimacro : added VM includeClassifications: source=/templates/macros/page/classifications.vm
2021-11-29 15:36:04,832 - ResourceManager : found /templates/macros/page/classifications.vm with loader org.apache.velocity.runtime.resource.loader.ClasspathResourceLoader
2021-11-29 15:36:04,833 - Velocimacro : added VM includeLead: source=/templates/macros/page/lead.vm
2021-11-29 15:36:04,833 - ResourceManager : found /templates/macros/page/lead.vm with loader org.apache.velocity.runtime.resource.loader.ClasspathResourceLoader
2021-11-29 15:36:04,836 - Velocimacro : added VM includeNavigation: source=/templates/macros/page/navigation.vm
2021-11-29 15:36:04,836 - ResourceManager : found /templates/macros/page/navigation.vm with loader org.apache.velocity.runtime.resource.loader.ClasspathResourceLoader
2021-11-29 15:36:04,838 - Velocimacro : added VM includeReportInfo: source=/templates/macros/page/reportInfo.vm
2021-11-29 15:36:04,838 - ResourceManager : found /templates/macros/page/reportInfo.vm with loader org.apache.velocity.runtime.resource.loader.ClasspathResourceLoader
2021-11-29 15:36:04,838 - Velocimacro : added VM includeTitle: source=/templates/macros/page/title.vm
2021-11-29 15:36:04,839 - ResourceManager : found /templates/macros/page/title.vm with loader org.apache.velocity.runtime.resource.loader.ClasspathResourceLoader
2021-11-29 15:36:04,839 - Velocimacro : added VM includeExpandingButtons: source=/templates/macros/report/expandAllButtons.vm
2021-11-29 15:36:04,839 - ResourceManager : found /templates/macros/report/expandAllButtons.vm with loader org.apache.velocity.runtime.resource.loader.ClasspathResourceLoader
2021-11-29 15:36:04,844 - Velocimacro : added VM includeReportTable: source=/templates/macros/report/reportTable.vm
2021-11-29 15:36:04,845 - ResourceManager : found /templates/macros/report/reportTable.vm with loader org.apache.velocity.runtime.resource.loader.ClasspathResourceLoader
2021-11-29 15:36:04,845 - Velocimacro : added VM includeReportHeader: source=/templates/macros/report/reportHeader.vm
2021-11-29 15:36:04,845 - ResourceManager : found /templates/macros/report/reportHeader.vm with loader org.apache.velocity.runtime.resource.loader.ClasspathResourceLoader
2021-11-29 15:36:04,848 - Velocimacro : added VM includeStatsTable: source=/templates/macros/report/statsTable.vm
2021-11-29 15:36:04,848 - ResourceManager : found /templates/macros/report/statsTable.vm with loader org.apache.velocity.runtime.resource.loader.ClasspathResourceLoader
2021-11-29 15:36:04,849 - Velocimacro : added VM includeBrief: source=/templates/macros/json/brief.vm
2021-11-29 15:36:04,849 - ResourceManager : found /templates/macros/json/brief.vm with loader org.apache.velocity.runtime.resource.loader.ClasspathResourceLoader
2021-11-29 15:36:04,850 - Velocimacro : added VM includeDocString: source=/templates/macros/json/docstring.vm
2021-11-29 15:36:04,850 - ResourceManager : found /templates/macros/json/docstring.vm with loader org.apache.velocity.runtime.resource.loader.ClasspathResourceLoader
2021-11-29 15:36:04,851 - Velocimacro : added VM includeDuration: source=/templates/macros/json/duration.vm
2021-11-29 15:36:04,851 - ResourceManager : found /templates/macros/json/duration.vm with loader org.apache.velocity.runtime.resource.loader.ClasspathResourceLoader
2021-11-29 15:36:04,853 - Velocimacro : added VM includeElement: source=/templates/macros/json/element.vm
2021-11-29 15:36:04,853 - ResourceManager : found /templates/macros/json/element.vm with loader org.apache.velocity.runtime.resource.loader.ClasspathResourceLoader
2021-11-29 15:36:04,860 - Velocimacro : added VM includeEmbeddings: source=/templates/macros/json/embeddings.vm
2021-11-29 15:36:04,860 - Velocimacro : added VM includeHtmlEmbedding: source=/templates/macros/json/embeddings.vm
2021-11-29 15:36:04,861 - Velocimacro : added VM includeVideoEmbedding: source=/templates/macros/json/embeddings.vm
2021-11-29 15:36:04,861 - Velocimacro : added VM includeImageEmbedding: source=/templates/macros/json/embeddings.vm
2021-11-29 15:36:04,861 - Velocimacro : added VM includeImageReferenceEmbedding: source=/templates/macros/json/embeddings.vm
2021-11-29 15:36:04,861 - Velocimacro : added VM includeTextEmbedding: source=/templates/macros/json/embeddings.vm
2021-11-29 15:36:04,861 - Velocimacro : added VM includeUnknownEmbedding: source=/templates/macros/json/embeddings.vm
2021-11-29 15:36:04,861 - ResourceManager : found /templates/macros/json/embeddings.vm with loader org.apache.velocity.runtime.resource.loader.ClasspathResourceLoader
2021-11-29 15:36:04,864 - Velocimacro : added VM includeHooks: source=/templates/macros/json/hooks.vm
2021-11-29 15:36:04,864 - ResourceManager : found /templates/macros/json/hooks.vm with loader org.apache.velocity.runtime.resource.loader.ClasspathResourceLoader
2021-11-29 15:36:04,866 - Velocimacro : added VM includeOutput: source=/templates/macros/json/output.vm
2021-11-29 15:36:04,866 - ResourceManager : found /templates/macros/json/output.vm with loader org.apache.velocity.runtime.resource.loader.ClasspathResourceLoader
2021-11-29 15:36:04,867 - Velocimacro : added VM includeMessage: source=/templates/macros/json/message.vm
2021-11-29 15:36:04,867 - ResourceManager : found /templates/macros/json/message.vm with loader org.apache.velocity.runtime.resource.loader.ClasspathResourceLoader
2021-11-29 15:36:04,868 - Velocimacro : added VM includeSteps: source=/templates/macros/json/steps.vm
2021-11-29 15:36:04,868 - ResourceManager : found /templates/macros/json/steps.vm with loader org.apache.velocity.runtime.resource.loader.ClasspathResourceLoader
2021-11-29 15:36:04,869 - Velocimacro : added VM includeStepName: source=/templates/macros/json/stepName.vm
2021-11-29 15:36:04,869 - ResourceManager : found /templates/macros/json/stepName.vm with loader org.apache.velocity.runtime.resource.loader.ClasspathResourceLoader
2021-11-29 15:36:04,870 - Velocimacro : added VM includeTags: source=/templates/macros/json/tags.vm
2021-11-29 15:36:04,870 - ResourceManager : found /templates/macros/json/tags.vm with loader org.apache.velocity.runtime.resource.loader.ClasspathResourceLoader
2021-11-29 15:36:04,877 - VM #includeNavigation: too few arguments to macro. Wanted 1 got 0
2021-11-29 15:36:04,878 - Left side ($active_tab) of '==' operation has null value. If it is a reference, it may not be in the context or its toString() returned null. /templates/macros/page/navigation.vm[line 14, column 51]
2021-11-29 15:36:04,878 - Left side ($active_tab) of '==' operation has null value. If it is a reference, it may not be in the context or its toString() returned null. /templates/macros/page/navigation.vm[line 15, column 51]
2021-11-29 15:36:04,878 - Left side ($active_tab) of '==' operation has null value. If it is a reference, it may not be in the context or its toString() returned null. /templates/macros/page/navigation.vm[line 16, column 51]
2021-11-29 15:36:04,878 - Left side ($active_tab) of '==' operation has null value. If it is a reference, it may not be in the context or its toString() returned null. /templates/macros/page/navigation.vm[line 20, column 51]
2021-11-29 15:36:04,894 - ResourceManager : found /templates/footer.vm with loader org.apache.velocity.runtime.resource.loader.ClasspathResourceLoader
